============================================================
📊 Excel 分组处理
============================================================

✅ 已加载 Token: 83n0vf7oaFG-A4nsBewWP6aFnZw...
📖 读取 Excel: /Users/tang/Desktop/财税通自动化三大步标准方案/success-cases/案例2-三大步闭环-2026-03-16/step3_input_case2.xlsx
   Sheet: 正式填写表
   原始数据: 9 行
   解析完成: 8 行数据

📊 筛选结果: 8 行待创建
📋 唯一分组: ['自动分组1', '自动分组2', '自动分组3']

🔍 查询现有分组...
   系统中已有 4 个分组

📝 处理分组: 自动分组1
   ✅ 已存在，ID: 4497

📝 处理分组: 自动分组2
   ✅ 已存在，ID: 4498

📝 处理分组: 自动分组3
   ✅ 已存在，ID: 4499

💾 结果已保存: /Users/tang/Desktop/财税通自动化-四步标准方案/step-04-创建单据模板/output/group_result.json

============================================================
📋 处理摘要
============================================================
分组总数: 3
已存在: 3
新创建: 0
错误: 0

分组映射表:
   自动分组1 -> 4497
   自动分组2 -> 4498
   自动分组3 -> 4499

============================================================
✅ 处理完成
============================================================
