✅ 已从 config.json 加载配置
🔍 正在获取部门列表...
⚠️ API获取失败，使用手动配置的部门映射

📊 读取到 8 个员工

============================================================
📋 员工数据预览
============================================================
 1. 赵宁1      | 13538139084 | 李晓军测试一 ✅
 2. 吴彤2      | 13413159707 | 牧笛微影(北京)传媒科技有限公司 ✅
 3. 李航3      | 13606389988 | 牧笛微影(北京)传媒科技有限公司8 ✅
 4. 张晨4      | 13704614598 | 牧笛微影(北京)传媒科技有限公司9 ✅
 5. 赵宁5      | 13519036920 | 天扬嘉讯 ✅
 6. 吴彤6      | 13862532973 | 天扬嘉讯 ✅
 7. 张晨7      | 13789511822 | 天扬嘉讯拉卡拉 ✅
 8. 张晨8      | 13771081437 | 牧笛微影(北京)传媒科技有限公司 ✅

============================================================
确认添加以上员工? (y/n): 
============================================================
🚀 开始批量添加
============================================================

[1/8] 赵宁1 ✅ 添加成功

[2/8] 吴彤2 ✅ 添加成功

[3/8] 李航3 ✅ 添加成功

[4/8] 张晨4 ✅ 添加成功

[5/8] 赵宁5 ✅ 添加成功

[6/8] 吴彤6 ✅ 添加成功

[7/8] 张晨7 ✅ 添加成功

[8/8] 张晨8 ✅ 添加成功

============================================================
📊 添加完成
============================================================
成功: 8/8
失败: 0/8

============================================================
🎉 全部添加成功！
============================================================
