
🚀🚀🚀🚀🚀🚀🚀🚀🚀🚀🚀🚀🚀🚀🚀🚀🚀🚀🚀🚀🚀🚀🚀🚀🚀🚀🚀🚀🚀🚀🚀🚀🚀🚀🚀
🚀  财税通费用模板二级科目批量添加工具  🚀
🚀🚀🚀🚀🚀🚀🚀🚀🚀🚀🚀🚀🚀🚀🚀🚀🚀🚀🚀🚀🚀🚀🚀🚀🚀🚀🚀🚀🚀🚀🚀🚀🚀🚀🚀

======================================================================
STEP 1: 获取认证信息
======================================================================
  🔌 连接 Edge 浏览器...
  ✅ 已连接到浏览器
  ✅ Token: 83n0vf7oaFG-A4nsBewWP6aFnZw...
  ✅ Company ID: 7061
  ✅ User ID: 14939

======================================================================
STEP 2: 获取一级科目及详细信息
======================================================================
  📋 查询一级科目列表...
  ✅ 找到 19 个一级科目
  🔍 获取详细信息（含 applyJson/feeJson）...
  ✅ 获取到 19 个一级科目的完整配置
     • 1 (applyJson: 3, feeJson: 1)
     • 2 (applyJson: 3, feeJson: 3)
     • 3 (applyJson: 3, feeJson: 3)
     • 4 (applyJson: 3, feeJson: 3)
     • 5 (applyJson: 3, feeJson: 3)
     • Openclaw测试一 (applyJson: 3, feeJson: 3)
     • 建材 (applyJson: 3, feeJson: 12)
     • 家具 (applyJson: 3, feeJson: 6)
     • 固定资产 (applyJson: 3, feeJson: 7)
     • 灯具 (applyJson: 3, feeJson: 8)
     • 无形资产 (applyJson: 3, feeJson: 7)
     • 主营业务成本 (applyJson: 3, feeJson: 6)
     • 税金及附加 (applyJson: 3, feeJson: 6)
     • 销售费用 (applyJson: 3, feeJson: 8)
     • 管理费用 (applyJson: 3, feeJson: 7)
     • 财务费用 (applyJson: 3, feeJson: 7)
     • 营业外支出 (applyJson: 3, feeJson: 5)
     • 购买材料 (applyJson: 3, feeJson: 4)
     • Openclaw (applyJson: 3, feeJson: 4)

======================================================================
STEP 3: 读取Excel数据
======================================================================
  📊 读取 Excel: /Users/tang/Desktop/费用模板_case2.xlsx
  ✅ 共 25 条记录

  预览数据:
     一级科目          二级科目
运营增长_0316    增长策略费_0316
运营增长_0316    活动策划费_0316
运营增长_0316    用户运营费_0316
运营增长_0316    渠道测试费_0316
运营增长_0316    复盘分析费_0316
AI工程_0316    模型调用费_0316
AI工程_0316   提示词优化费_0316
AI工程_0316 Agent维护费_0316
AI工程_0316    向量存储费_0316
AI工程_0316    推理加速费_0316
门店协同_0316    收银系统费_0316
门店协同_0316    巡检系统费_0316
门店协同_0316    库存同步费_0316
门店协同_0316    电子价签费_0316
门店协同_0316    排班优化费_0316
客户交付_0316    实施服务费_0316
客户交付_0316    上线辅导费_0316
客户交付_0316    培训服务费_0316
客户交付_0316    交付验收费_0316
客户交付_0316    迁移支持费_0316
财税支持_0316    税务咨询费_0316
财税支持_0316    审计支持费_0316
财税支持_0316    合同审阅费_0316
财税支持_0316    报表整理费_0316
财税支持_0316    风控校验费_0316

======================================================================
STEP 4: 批量添加二级科目
======================================================================

  [1/25] 运营增长_0316 → 增长策略费_0316
     ❌ 未找到一级科目: 运营增长_0316

  [2/25] 运营增长_0316 → 活动策划费_0316
     ❌ 未找到一级科目: 运营增长_0316

  [3/25] 运营增长_0316 → 用户运营费_0316
     ❌ 未找到一级科目: 运营增长_0316

  [4/25] 运营增长_0316 → 渠道测试费_0316
     ❌ 未找到一级科目: 运营增长_0316

  [5/25] 运营增长_0316 → 复盘分析费_0316
     ❌ 未找到一级科目: 运营增长_0316

  [6/25] AI工程_0316 → 模型调用费_0316
     ❌ 未找到一级科目: AI工程_0316

  [7/25] AI工程_0316 → 提示词优化费_0316
     ❌ 未找到一级科目: AI工程_0316

  [8/25] AI工程_0316 → Agent维护费_0316
     ❌ 未找到一级科目: AI工程_0316

  [9/25] AI工程_0316 → 向量存储费_0316
     ❌ 未找到一级科目: AI工程_0316

  [10/25] AI工程_0316 → 推理加速费_0316
     ❌ 未找到一级科目: AI工程_0316

  [11/25] 门店协同_0316 → 收银系统费_0316
     ❌ 未找到一级科目: 门店协同_0316

  [12/25] 门店协同_0316 → 巡检系统费_0316
     ❌ 未找到一级科目: 门店协同_0316

  [13/25] 门店协同_0316 → 库存同步费_0316
     ❌ 未找到一级科目: 门店协同_0316

  [14/25] 门店协同_0316 → 电子价签费_0316
     ❌ 未找到一级科目: 门店协同_0316

  [15/25] 门店协同_0316 → 排班优化费_0316
     ❌ 未找到一级科目: 门店协同_0316

  [16/25] 客户交付_0316 → 实施服务费_0316
     ❌ 未找到一级科目: 客户交付_0316

  [17/25] 客户交付_0316 → 上线辅导费_0316
     ❌ 未找到一级科目: 客户交付_0316

  [18/25] 客户交付_0316 → 培训服务费_0316
     ❌ 未找到一级科目: 客户交付_0316

  [19/25] 客户交付_0316 → 交付验收费_0316
     ❌ 未找到一级科目: 客户交付_0316

  [20/25] 客户交付_0316 → 迁移支持费_0316
     ❌ 未找到一级科目: 客户交付_0316

  [21/25] 财税支持_0316 → 税务咨询费_0316
     ❌ 未找到一级科目: 财税支持_0316

  [22/25] 财税支持_0316 → 审计支持费_0316
     ❌ 未找到一级科目: 财税支持_0316

  [23/25] 财税支持_0316 → 合同审阅费_0316
     ❌ 未找到一级科目: 财税支持_0316

  [24/25] 财税支持_0316 → 报表整理费_0316
     ❌ 未找到一级科目: 财税支持_0316

  [25/25] 财税支持_0316 → 风控校验费_0316
     ❌ 未找到一级科目: 财税支持_0316

======================================================================
STEP 5: 完成总结
======================================================================
  ✅ 成功: 0 个
  ♻️ 复用: 0 个
  ❌ 失败: 25 个
  📊 总计: 25 个

  ❌ 全部失败，请检查错误信息

  💾 已输出映射: /Users/tang/Desktop/财税通自动化-四步标准方案/step-03-单据角色与人员授权/fee_template_mapping.from_step2.json
