======================================================================
🚀 单据模板批量创建
======================================================================

✅ Token已加载: 83n0vf7oaFG-A4nsBewWP6aFnZw...

📖 读取Excel: /Users/tang/Desktop/财税通自动化三大步标准方案/success-cases/案例2-三大步闭环-2026-03-16/step3_input_case2.xlsx
   待创建模板数: 8

🔍 查询基础数据...
   分组: 4 个
   角色: 10 个
   员工: 741 个
   部门: 94 个

======================================================================
📝 处理 [1/8]: 自动模板1
======================================================================
   ✅ 分组已存在: 自动分组1 (ID: 4497)
   ⚠️ 角色未找到: 计提单
   ⚠️ 角色未找到: 员工报销单/批量付款单
      可用角色: ['普通职员', '高级管理者', '中层员工', '公司负责人', '部门负责人', '经理', '出纳', '财务主管']...
   📦 Payload组装完成
   📡 发送createTemplate请求...
   ❌ 创建失败: 限制可见范围情况下，需选择限制的范围

======================================================================
📝 处理 [2/8]: 自动模板2
======================================================================
   ✅ 分组已存在: 自动分组1 (ID: 4497)
   ✅ 员工匹配: _test_1199 -> ID: 15228
   ✅ 员工匹配: Test_1278 -> ID: 15527
   📦 Payload组装完成
   📡 发送createTemplate请求...
   ♻️ 检测到重名，改名重试: 自动模板2_C2_035646
   ✅ 重试成功! ID: 7088

======================================================================
📝 处理 [3/8]: 自动模板3
======================================================================
   ✅ 分组已存在: 自动分组1 (ID: 4497)
   ✅ 部门匹配: 牧笛微影(北京)传媒科技有限公司 -> ID: 1798
   ✅ 部门匹配: 2025年5月26日批量测试6 -> ID: 9070
   📦 Payload组装完成
   📡 发送createTemplate请求...
   ♻️ 检测到重名，改名重试: 自动模板3_C2_035646
   ✅ 重试成功! ID: 7089

======================================================================
📝 处理 [4/8]: 自动模板4
======================================================================
   ✅ 分组已存在: 自动分组2 (ID: 4498)
   ⚠️ 角色未找到: 员工报销单/批量付款单
   ⚠️ 角色未找到: 计提单
      可用角色: ['普通职员', '高级管理者', '中层员工', '公司负责人', '部门负责人', '经理', '出纳', '财务主管']...
   📦 Payload组装完成
   📡 发送createTemplate请求...
   ❌ 创建失败: 限制可见范围情况下，需选择限制的范围

======================================================================
📝 处理 [5/8]: 自动模板5
======================================================================
   ✅ 分组已存在: 自动分组2 (ID: 4498)
   ✅ 员工匹配: 企业负责人 -> ID: 13594
   ✅ 员工匹配: _test_1194 -> ID: 15223
   📦 Payload组装完成
   📡 发送createTemplate请求...
   ♻️ 检测到重名，改名重试: 自动模板5_C2_035648
   ✅ 重试成功! ID: 7090

======================================================================
📝 处理 [6/8]: 自动模板6
======================================================================
   ✅ 分组已存在: 自动分组2 (ID: 4498)
   ✅ 部门匹配: 2025年5月16日测试 -> ID: 8998
   ✅ 部门匹配: 2025年6月19日测试1 -> ID: 9257
   📦 Payload组装完成
   📡 发送createTemplate请求...
   ♻️ 检测到重名，改名重试: 自动模板6_C2_035648
   ✅ 重试成功! ID: 7091

======================================================================
📝 处理 [7/8]: 自动模板7
======================================================================
   ✅ 分组已存在: 自动分组3 (ID: 4499)
   ✅ 角色匹配: 经理 -> ID: 9222
   ✅ 角色匹配: 高级管理者 -> ID: 9217
   📦 Payload组装完成
   📡 发送createTemplate请求...
   ♻️ 检测到重名，改名重试: 自动模板7_C2_035649
   ✅ 重试成功! ID: 7092

======================================================================
📝 处理 [8/8]: 自动模板8
======================================================================
   ✅ 分组已存在: 自动分组3 (ID: 4499)
   ✅ 员工匹配: 田雪怡 -> ID: 15617
   ✅ 员工匹配: 测试员工3 -> ID: 15348
   📦 Payload组装完成
   📡 发送createTemplate请求...
   ♻️ 检测到重名，改名重试: 自动模板8_C2_035650
   ✅ 重试成功! ID: 7093

======================================================================
📊 执行结果汇总
======================================================================
总计: 8 个模板
成功: 6
失败: 2

❌ 自动模板1: 失败
      错误: 限制可见范围情况下，需选择限制的范围
✅ 自动模板2_C2_035646: 成功
      模板ID: 7088
✅ 自动模板3_C2_035646: 成功
      模板ID: 7089
❌ 自动模板4: 失败
      错误: 限制可见范围情况下，需选择限制的范围
✅ 自动模板5_C2_035648: 成功
      模板ID: 7090
✅ 自动模板6_C2_035648: 成功
      模板ID: 7091
✅ 自动模板7_C2_035649: 成功
      模板ID: 7092
✅ 自动模板8_C2_035650: 成功
      模板ID: 7093

======================================================================
