======================================================================
🚀 Step3 复用版（不重复创建二级科目）
======================================================================
✅ 已加载 Step2 映射: /Users/tang/Desktop/财税通自动化-四步标准方案/step-03-单据角色与人员授权/fee_template_mapping.from_step2.json
✅ 一级科目映射: 14
✅ 二级科目映射: 130
ℹ️ 角色组复用: 角色组或角色名称已存在
[1] ❌ 缺少必要信息: 一级科目不存在:运营增长_0316;二级科目不存在:增长策略费_0316
[2] ❌ 缺少必要信息: 一级科目不存在:运营增长_0316;二级科目不存在:活动策划费_0316
[3] ❌ 缺少必要信息: 一级科目不存在:运营增长_0316;二级科目不存在:用户运营费_0316
[4] ❌ 缺少必要信息: 一级科目不存在:运营增长_0316;二级科目不存在:渠道测试费_0316
[5] ❌ 缺少必要信息: 一级科目不存在:运营增长_0316;二级科目不存在:复盘分析费_0316
[6] ❌ 缺少必要信息: 一级科目不存在:AI工程_0316;二级科目不存在:模型调用费_0316
[7] ❌ 缺少必要信息: 一级科目不存在:AI工程_0316;二级科目不存在:提示词优化费_0316
[8] ❌ 缺少必要信息: 一级科目不存在:AI工程_0316;二级科目不存在:Agent维护费_0316
[9] ❌ 缺少必要信息: 一级科目不存在:AI工程_0316;二级科目不存在:向量存储费_0316
[10] ❌ 缺少必要信息: 一级科目不存在:AI工程_0316;二级科目不存在:推理加速费_0316
[11] ❌ 缺少必要信息: 一级科目不存在:门店协同_0316;二级科目不存在:收银系统费_0316
[12] ❌ 缺少必要信息: 一级科目不存在:门店协同_0316;二级科目不存在:巡检系统费_0316
[13] ❌ 缺少必要信息: 一级科目不存在:门店协同_0316;二级科目不存在:库存同步费_0316
[14] ❌ 缺少必要信息: 一级科目不存在:门店协同_0316;二级科目不存在:电子价签费_0316
[15] ❌ 缺少必要信息: 一级科目不存在:门店协同_0316;二级科目不存在:排班优化费_0316
[16] ❌ 缺少必要信息: 一级科目不存在:客户交付_0316;二级科目不存在:实施服务费_0316
[17] ❌ 缺少必要信息: 一级科目不存在:客户交付_0316;二级科目不存在:上线辅导费_0316
[18] ❌ 缺少必要信息: 一级科目不存在:客户交付_0316;二级科目不存在:培训服务费_0316
[19] ❌ 缺少必要信息: 一级科目不存在:客户交付_0316;二级科目不存在:交付验收费_0316
[20] ❌ 缺少必要信息: 一级科目不存在:客户交付_0316;二级科目不存在:迁移支持费_0316
[21] ❌ 缺少必要信息: 一级科目不存在:财税支持_0316;二级科目不存在:税务咨询费_0316
[22] ❌ 缺少必要信息: 一级科目不存在:财税支持_0316;二级科目不存在:审计支持费_0316
[23] ❌ 缺少必要信息: 一级科目不存在:财税支持_0316;二级科目不存在:合同审阅费_0316
[24] ❌ 缺少必要信息: 一级科目不存在:财税支持_0316;二级科目不存在:报表整理费_0316
[25] ❌ 缺少必要信息: 一级科目不存在:财税支持_0316;二级科目不存在:风控校验费_0316

======================================================================
结果: 成功 0 / 失败 25
======================================================================
💾 保存: /Users/tang/Desktop/财税通自动化-四步标准方案/step-03-单据角色与人员授权/execution_result_reuse.json
