STEP2: 二级科目+角色组子角色+人员绑定
[1] 运营增长_0316->增长策略费_R4A | 其他付款单 ✅ role=22236, fee=28341, users=2
[2] 运营增长_0316->活动策划费_R4A | 员工报销单/批量付款单 ✅ role=22237, fee=28342, users=2
[3] 运营增长_0316->用户运营费_R4A | 采购付款单 ✅ role=22238, fee=28343, users=2
[4] 运营增长_0316->渠道测试费_R4A | 员工报销单/批量付款单 ✅ role=22237, fee=28344, users=2
[5] 运营增长_0316->复盘分析费_R4A | 其他付款单 ✅ role=22236, fee=28345, users=2
[6] AI工程_0316->模型调用费_R4A | 采购付款单 ✅ role=22238, fee=28346, users=2
[7] AI工程_0316->提示词优化费_R4A | 其他付款单 ✅ role=22236, fee=28347, users=2
[8] AI工程_0316->Agent维护费_R4A | 其他付款单 ✅ role=22236, fee=28348, users=2
[9] AI工程_0316->向量存储费_R4A | 采购付款单 ✅ role=22238, fee=28349, users=2
[10] AI工程_0316->推理加速费_R4A | 员工报销单/批量付款单 ✅ role=22237, fee=28350, users=2
[11] 门店协同_0316->收银系统费_R4A | 采购付款单 ✅ role=22238, fee=28351, users=2
[12] 门店协同_0316->巡检系统费_R4A | 其他付款单 ✅ role=22236, fee=28352, users=2
[13] 门店协同_0316->库存同步费_R4A | 员工报销单/批量付款单 ✅ role=22237, fee=28353, users=2
[14] 门店协同_0316->电子价签费_R4A | 员工报销单/批量付款单 ✅ role=22237, fee=28354, users=2
[15] 门店协同_0316->排班优化费_R4A | 员工报销单/批量付款单 ✅ role=22237, fee=28355, users=2
[16] 客户交付_0316->实施服务费_R4A | 采购付款单 ✅ role=22238, fee=28356, users=2
[17] 客户交付_0316->上线辅导费_R4A | 员工报销单/批量付款单 ✅ role=22237, fee=28357, users=2
[18] 客户交付_0316->培训服务费_R4A | 采购付款单 ✅ role=22238, fee=28358, users=2
[19] 客户交付_0316->交付验收费_R4A | 采购付款单 ✅ role=22238, fee=28359, users=2
[20] 客户交付_0316->迁移支持费_R4A | 员工报销单/批量付款单 ✅ role=22237, fee=28360, users=2
[21] 财税支持_0316->税务咨询费_R4A | 员工报销单/批量付款单 ✅ role=22237, fee=28361, users=2
[22] 财税支持_0316->审计支持费_R4A | 员工报销单/批量付款单 ✅ role=22237, fee=28362, users=2
[23] 财税支持_0316->合同审阅费_R4A | 员工报销单/批量付款单 ✅ role=22237, fee=28363, users=2
[24] 财税支持_0316->报表整理费_R4A | 员工报销单/批量付款单 ✅ role=22237, fee=28364, users=2
[25] 财税支持_0316->风控校验费_R4A | 员工报销单/批量付款单 ✅ role=22237, fee=28365, users=2